2023-08-08 09:42:55.315 INFO  org.hibernate.validator.internal.util.Version     :21   [32m                  [0;39m HV000001: Hibernate Validator 8.0.0.Final
2023-08-08 09:42:55.350 INFO  c.xujiajun.train.member.config.MemberApplication  :51   [32m                  [0;39m Starting MemberApplication using Java 17.0.7 with PID 16068 (D:\my_maven_test\train\member\target\classes started by xujj in D:\my_maven_test\train)
2023-08-08 09:42:55.351 INFO  c.xujiajun.train.member.config.MemberApplication  :630  [32m                  [0;39m No active profile set, falling back to 1 default profile: "default"
2023-08-08 09:42:55.397 INFO  o.s.b.d.env.DevToolsPropertyDefaultsPostProcessor :250  [32m                  [0;39m Devtools property defaults active! Set 'spring.devtools.add-properties' to 'false' to disable
2023-08-08 09:42:55.398 INFO  o.s.b.d.env.DevToolsPropertyDefaultsPostProcessor :250  [32m                  [0;39m For additional web related logging consider setting the 'logging.level.web' property to 'DEBUG'
2023-08-08 09:42:56.261 INFO  o.springframework.cloud.context.scope.GenericScope:282  [32m                  [0;39m BeanFactory id=d6132ee8-1057-32a5-9df6-5b8dba617452
2023-08-08 09:42:57.028 INFO  o.s.boot.web.embedded.tomcat.TomcatWebServer      :114  [32m                  [0;39m Tomcat initialized with port(s): 8001 (http)
2023-08-08 09:42:57.045 INFO  org.apache.coyote.http11.Http11NioProtocol        :173  [32m                  [0;39m Initializing ProtocolHandler ["http-nio-8001"]
2023-08-08 09:42:57.047 INFO  org.apache.catalina.core.StandardService          :173  [32m                  [0;39m Starting service [Tomcat]
2023-08-08 09:42:57.048 INFO  org.apache.catalina.core.StandardEngine           :173  [32m                  [0;39m Starting Servlet engine: [Apache Tomcat/10.1.1]
2023-08-08 09:42:57.157 INFO  o.a.c.c.C.[Tomcat].[localhost].[/member]          :173  [32m                  [0;39m Initializing Spring embedded WebApplicationContext
2023-08-08 09:42:57.158 INFO  o.s.b.w.s.c.ServletWebServerApplicationContext    :291  [32m                  [0;39m Root WebApplicationContext: initialization completed in 1759 ms
2023-08-08 09:42:57.998 INFO  o.s.b.d.autoconfigure.OptionalLiveReloadServer    :59   [32m                  [0;39m LiveReload server is running on port 35729
2023-08-08 09:42:59.248 INFO  org.springframework.cloud.commons.util.InetUtils  :170  [32m                  [0;39m Cannot determine local hostname
2023-08-08 09:42:59.300 INFO  org.apache.coyote.http11.Http11NioProtocol        :173  [32m                  [0;39m Starting ProtocolHandler ["http-nio-8001"]
2023-08-08 09:42:59.323 INFO  o.s.boot.web.embedded.tomcat.TomcatWebServer      :226  [32m                  [0;39m Tomcat started on port(s): 8001 (http) with context path '/member'
2023-08-08 09:43:00.602 INFO  org.springframework.cloud.commons.util.InetUtils  :170  [32m                  [0;39m Cannot determine local hostname
2023-08-08 09:43:00.610 INFO  c.xujiajun.train.member.config.MemberApplication  :57   [32m                  [0;39m Started MemberApplication in 6.918 seconds (process running for 7.586)
2023-08-08 09:43:00.612 INFO  c.xujiajun.train.member.config.MemberApplication  :24   [32m                  [0;39m 启动成功！！
2023-08-08 09:43:00.612 INFO  c.xujiajun.train.member.config.MemberApplication  :25   [32m                  [0;39m 测试地址: 	http://127.0.0.1:8001/member/hello
